<?xml version="1.0" encoding="UTF-8"?>
<!-- Generated by org.testng.reporters.JUnitReportReporter -->
<testsuite hostname="Rabbia-Riaz" failures="0" tests="1" name="TestCasesPackage.LoginTestcases" time="1.962" errors="0" timestamp="08 Jan 2022 16:28:39 GMT" skipped="0">
  <testcase classname="TestCasesPackage.LoginTestcases" name="LoginUserTestCase" time="1.962"/>
</testsuite> <!-- TestCasesPackage.LoginTestcases -->
